0 info it worked if it ends with ok
1 verbose cli [ '/home/ubuntu/.nvm/versions/node/v6.11.2/bin/node',
1 verbose cli   '/home/ubuntu/.nvm/versions/node/v6.11.2/bin/npm',
1 verbose cli   'start' ]
2 info using npm@3.10.10
3 info using node@v6.11.2
4 verbose run-script [ 'prestart', 'start', 'poststart' ]
5 info lifecycle com.choo.choocordova@1.0.0~prestart: com.choo.choocordova@1.0.0
6 silly lifecycle com.choo.choocordova@1.0.0~prestart: no script for prestart, continuing
7 info lifecycle com.choo.choocordova@1.0.0~start: com.choo.choocordova@1.0.0
8 verbose lifecycle com.choo.choocordova@1.0.0~start: unsafe-perm in lifecycle true
9 verbose lifecycle com.choo.choocordova@1.0.0~start: PATH: /home/ubuntu/.nvm/versions/node/v6.11.2/lib/node_modules/npm/bin/node-gyp-bin:/home/ubuntu/workspace/template_src/node_modules/.bin:/home/ubuntu/.nvm/versions/node/v6.11.2/bin:/usr/local/rvm/gems/ruby-2.4.0/bin:/usr/local/rvm/gems/ruby-2.4.0@global/bin:/usr/local/rvm/rubies/ruby-2.4.0/bin:/mnt/shared/bin:/home/ubuntu/workspace/node_modules/.bin:/home/ubuntu/bin:/usr/local/sbin:/usr/local/bin:/usr/sbin:/usr/bin:/sbin:/bin:/mnt/shared/sbin:/opt/gitl:/opt/go/bin:/mnt/shared/c9/app.nw/bin:/usr/lib/jvm/java-8-oracle/bin:/usr/lib/jvm/java-8-oracle/db/bin:/usr/lib/jvm/java-8-oracle/jre/bin:/usr/lib/jvm/java-8-oracle/bin:/usr/lib/jvm/java-8-oracle/db/bin:/usr/lib/jvm/java-8-oracle/jre/bin:/usr/local/rvm/bin:/home/ubuntu/workspace/tools:/home/ubuntu/workspace/tools/bin:/home/ubuntu/workspace/tools/gradle-4.7/bin
10 verbose lifecycle com.choo.choocordova@1.0.0~start: CWD: /home/ubuntu/workspace/template_src
11 silly lifecycle com.choo.choocordova@1.0.0~start: Args: [ '-c', 'cordova run browser --port=8080' ]
12 info lifecycle com.choo.choocordova@1.0.0~start: Failed to exec start script
13 verbose stack Error: com.choo.choocordova@1.0.0 start: `cordova run browser --port=8080`
13 verbose stack spawn ENOENT
13 verbose stack     at ChildProcess.<anonymous> (/home/ubuntu/.nvm/versions/node/v6.11.2/lib/node_modules/npm/lib/utils/spawn.js:33:16)
13 verbose stack     at emitTwo (events.js:106:13)
13 verbose stack     at ChildProcess.emit (events.js:191:7)
13 verbose stack     at maybeClose (internal/child_process.js:891:16)
13 verbose stack     at Process.ChildProcess._handle.onexit (internal/child_process.js:226:5)
14 verbose pkgid com.choo.choocordova@1.0.0
15 verbose cwd /home/ubuntu/workspace/template_src
16 error Linux 4.9.80-c9
17 error argv "/home/ubuntu/.nvm/versions/node/v6.11.2/bin/node" "/home/ubuntu/.nvm/versions/node/v6.11.2/bin/npm" "start"
18 error node v6.11.2
19 error npm  v3.10.10
20 error file sh
21 error code ELIFECYCLE
22 error errno ENOENT
23 error syscall spawn
24 error com.choo.choocordova@1.0.0 start: `cordova run browser --port=8080`
24 error spawn ENOENT
25 error Failed at the com.choo.choocordova@1.0.0 start script 'cordova run browser --port=8080'.
25 error Make sure you have the latest version of node.js and npm installed.
25 error If you do, this is most likely a problem with the com.choo.choocordova package,
25 error not with npm itself.
25 error Tell the author that this fails on your system:
25 error     cordova run browser --port=8080
25 error You can get information on how to open an issue for this project with:
25 error     npm bugs com.choo.choocordova
25 error Or if that isn't available, you can get their info via:
25 error     npm owner ls com.choo.choocordova
25 error There is likely additional logging output above.
26 verbose exit [ 1, true ]
